\BOOKMARK [1][-]{section.1}{\277Qu\351 es una m\341quina de Moore?}{}% 1
\BOOKMARK [1][-]{section.2}{Descripci\363n del problema}{}% 2
\BOOKMARK [1][-]{section.3}{Soluci\363n propuesta}{}% 3
\BOOKMARK [1][-]{section.4}{Dise\361o del procesador de lenguajes}{}% 4
\BOOKMARK [2][-]{subsection.4.1}{Diagrama tipo T asociado}{section.4}% 5
\BOOKMARK [2][-]{subsection.4.2}{Lenguaje fuente}{section.4}% 6
\BOOKMARK [2][-]{subsection.4.3}{Tabla de Token-Acci\363n}{section.4}% 7
\BOOKMARK [2][-]{subsection.4.4}{Tabla de tokens}{section.4}% 8
\BOOKMARK [2][-]{subsection.4.5}{EBNF}{section.4}% 9
\BOOKMARK [1][-]{section.5}{An\341lisis l\351xico}{}% 10
\BOOKMARK [2][-]{subsection.5.1}{JFlex}{section.5}% 11
\BOOKMARK [2][-]{subsection.5.2}{ANTLR}{section.5}% 12
\BOOKMARK [1][-]{section.6}{An\341lisis sint\341ctico}{}% 13
\BOOKMARK [2][-]{subsection.6.1}{An\341lisis sint\341ctico ascendente}{section.6}% 14
\BOOKMARK [3][-]{subsubsection.6.1.1}{Control de errores sint\341cticos en Cup}{subsection.6.1}% 15
\BOOKMARK [2][-]{subsection.6.2}{An\341lisis sint\341ctico descendente ANTLR}{section.6}% 16
\BOOKMARK [3][-]{subsubsection.6.2.1}{Control de errores sint\341cticos en ANTLR}{subsection.6.2}% 17
\BOOKMARK [1][-]{section.7}{Analizador sem\341ntico}{}% 18
\BOOKMARK [2][-]{subsection.7.1}{Generaci\363n de c\363digo en an\341lisis descendente}{section.7}% 19
\BOOKMARK [2][-]{subsection.7.2}{Generaci\363n de c\363digo en an\341lisis ascendente}{section.7}% 20
\BOOKMARK [1][-]{section.8}{Cup}{}% 21
\BOOKMARK [2][-]{subsection.8.1}{Ejecuci\363n pl\137cup}{section.8}% 22
\BOOKMARK [1][-]{section.9}{ANTLR}{}% 23
\BOOKMARK [2][-]{subsection.9.1}{Ejecuci\363n pl\137antlr}{section.9}% 24
